{
  "RSpec": {
    "coverage": {
      "/Users/carlosbarbosa/Documents/shopstars dev/railspress/app/middleware/redirect_handler.rb": {
        "lines": [
          1,
          1,
          1,
          null,
          null,
          1,
          0,
          null,
          null,
          null,
          null,
          null,
          null,
          0,
          null,
          null,
          0,
          null,
          0,
          null,
          0,
          null,
          null,
          0,
          null,
          null,
          0,
          0,
          null,
          null,
          null,
          0,
          null,
          0,
          null,
          null,
          null,
          null,
          null,
          0,
          0,
          null,
          0,
          null,
          null,
          0,
          null,
          0,
          null,
          null,
          0,
          null,
          null,
          null,
          1,
          null,
          1,
          0,
          null,
          null,
          0,
          null,
          null,
          0,
          null,
          null,
          0,
          null,
          null,
          0,
          null,
          null,
          0,
          null,
          null,
          0,
          null,
          null,
          0,
          null,
          0,
          null,
          null,
          1,
          null,
          0,
          null,
          null,
          0,
          0,
          null,
          null,
          0,
          0,
          null,
          null,
          null,
          null,
          null,
          null,
          null,
          null,
          null,
          null,
          null,
          null,
          null
        ],
        "branches": {
          "[:if, 0, 14, 4, 14, 52]": {
            "[:then, 1, 14, 4, 14, 25]": 0,
            "[:else, 2, 14, 4, 14, 52]": 0
          },
          "[:if, 3, 19, 4, 52, 7]": {
            "[:then, 4, 21, 6, 48, 29]": 0,
            "[:else, 5, 51, 6, 51, 20]": 0
          },
          "[:if, 6, 27, 6, 29, 9]": {
            "[:then, 7, 28, 8, 28, 49]": 0,
            "[:else, 8, 27, 6, 29, 9]": 0
          },
          "[:if, 9, 40, 6, 44, 9]": {
            "[:then, 10, 41, 8, 41, 61]": 0,
            "[:else, 11, 43, 8, 43, 72]": 0
          },
          "[:if, 12, 61, 4, 61, 45]": {
            "[:then, 13, 61, 4, 61, 15]": 0,
            "[:else, 14, 61, 4, 61, 45]": 0
          },
          "[:if, 15, 64, 4, 64, 43]": {
            "[:then, 16, 64, 4, 64, 15]": 0,
            "[:else, 17, 64, 4, 64, 43]": 0
          },
          "[:if, 18, 67, 4, 67, 68]": {
            "[:then, 19, 67, 4, 67, 15]": 0,
            "[:else, 20, 67, 4, 67, 68]": 0
          },
          "[:if, 21, 70, 4, 70, 45]": {
            "[:then, 22, 70, 4, 70, 15]": 0,
            "[:else, 23, 70, 4, 70, 45]": 0
          },
          "[:if, 24, 73, 4, 73, 45]": {
            "[:then, 25, 73, 4, 73, 15]": 0,
            "[:else, 26, 73, 4, 73, 45]": 0
          },
          "[:if, 27, 76, 4, 76, 32]": {
            "[:then, 28, 76, 4, 76, 15]": 0,
            "[:else, 29, 76, 4, 76, 32]": 0
          },
          "[:if, 30, 79, 4, 79, 61]": {
            "[:then, 31, 79, 4, 79, 15]": 0,
            "[:else, 32, 79, 4, 79, 61]": 0
          },
          "[:if, 33, 86, 4, 86, 45]": {
            "[:then, 34, 86, 4, 86, 26]": 0,
            "[:else, 35, 86, 4, 86, 45]": 0
          },
          "[:if, 36, 90, 4, 90, 31]": {
            "[:then, 37, 90, 4, 90, 19]": 0,
            "[:else, 38, 90, 4, 90, 31]": 0
          },
          "[:if, 39, 94, 6, 94, 48]": {
            "[:then, 40, 94, 6, 94, 21]": 0,
            "[:else, 41, 94, 6, 94, 48]": 0
          }
        }
      },
      "/Users/carlosbarbosa/Documents/shopstars dev/railspress/app/middleware/analytics_tracker.rb": {
        "lines": [
          1,
          1,
          1,
          null,
          null,
          1,
          0,
          null,
          null,
          0,
          null,
          0,
          null,
          null,
          1,
          null,
          1,
          0,
          null,
          null,
          0,
          null,
          null,
          0,
          null,
          null,
          0,
          null,
          null,
          0,
          null,
          null,
          1,
          0,
          null,
          null,
          null,
          null,
          null,
          null,
          null,
          null,
          null,
          null,
          null,
          null,
          null,
          null,
          null,
          null,
          null,
          null,
          null,
          0,
          null,
          null,
          1,
          null,
          0,
          null,
          0,
          null,
          null,
          1,
          0,
          null,
          0,
          null,
          null,
          1,
          0,
          null,
          0,
          null,
          null,
          1,
          0,
          null,
          0,
          null,
          null,
          1,
          0,
          null,
          null,
          0,
          0,
          null,
          null,
          null,
          null,
          0,
          null,
          0,
          null,
          null,
          null,
          null,
          null,
          null,
          null,
          null,
          0,
          null,
          null,
          null,
          null,
          1,
          null,
          null,
          null,
          null,
          null,
          1,
          null,
          0,
          0,
          null,
          0,
          null,
          null,
          1,
          null,
          0,
          null,
          null,
          null,
          1,
          null,
          null,
          0,
          null,
          null,
          null,
          null,
          null,
          null,
          null,
          null,
          null,
          null
        ],
        "branches": {
          "[:if, 0, 10, 4, 10, 61]": {
            "[:then, 1, 10, 4, 10, 31]": 0,
            "[:else, 2, 10, 4, 10, 61]": 0
          },
          "[:unless, 3, 21, 4, 21, 72]": {
            "[:else, 4, 21, 4, 21, 72]": 0,
            "[:then, 5, 21, 4, 21, 16]": 0
          },
          "[:if, 6, 24, 4, 24, 44]": {
            "[:then, 7, 24, 4, 24, 16]": 0,
            "[:else, 8, 24, 4, 24, 44]": 0
          },
          "[:unless, 9, 27, 4, 27, 41]": {
            "[:else, 10, 27, 4, 27, 41]": 0,
            "[:then, 11, 27, 4, 27, 16]": 0
          },
          "[:if, 12, 86, 4, 88, 7]": {
            "[:then, 13, 87, 6, 87, 12]": 0,
            "[:else, 14, 86, 4, 88, 7]": 0
          },
          "[:\"&.\", 15, 117, 4, 117, 42]": {
            "[:then, 16, 117, 4, 117, 42]": 0,
            "[:else, 17, 117, 4, 117, 42]": 0
          },
          "[:\"&.\", 18, 117, 4, 117, 49]": {
            "[:then, 19, 117, 4, 117, 49]": 0,
            "[:else, 20, 117, 4, 117, 49]": 0
          }
        }
      },
      "/Users/carlosbarbosa/Documents/shopstars dev/railspress/app/middleware/headless_mode_handler.rb": {
        "lines": [
          1,
          1,
          1,
          null,
          null,
          1,
          0,
          null,
          null,
          0,
          null,
          0,
          0,
          null,
          null,
          0,
          null,
          null,
          1,
          null,
          1,
          0,
          null,
          null,
          0,
          0,
          0,
          0,
          0,
          0,
          0,
          0,
          0,
          0,
          null,
          null,
          0,
          null,
          null,
          1,
          null,
          null,
          0,
          0,
          null,
          null,
          null,
          null,
          null,
          null,
          null,
          0,
          null,
          null,
          null,
          0,
          null,
          null,
          null,
          null,
          null,
          null,
          null,
          null,
          1,
          0,
          null,
          null,
          null,
          null,
          null,
          null,
          null,
          null,
          null,
          null,
          null,
          null,
          null,
          null,
          null,
          null,
          null,
          null,
          null,
          null,
          null,
          null,
          null,
          null,
          null,
          null,
          null,
          null,
          null,
          null,
          null,
          null,
          null,
          null,
          null,
          null,
          null,
          null,
          null,
          null,
          null,
          null,
          null,
          null,
          null,
          null,
          null,
          null,
          null,
          null,
          null,
          null,
          null,
          null,
          null,
          null,
          null,
          null,
          null,
          null,
          null,
          null,
          null,
          null,
          null,
          null,
          null,
          null,
          null,
          null,
          null,
          null,
          null,
          null,
          null,
          null,
          null,
          null,
          null,
          null,
          null,
          null,
          null,
          null,
          null,
          null,
          null,
          null,
          null,
          null,
          null,
          null,
          null,
          null,
          null,
          null,
          null,
          null,
          null,
          null,
          null,
          null,
          null,
          null
        ],
        "branches": {
          "[:if, 0, 12, 4, 14, 7]": {
            "[:then, 1, 13, 6, 13, 43]": 0,
            "[:else, 2, 12, 4, 14, 7]": 0
          },
          "[:if, 3, 25, 4, 25, 46]": {
            "[:then, 4, 25, 4, 25, 16]": 0,
            "[:else, 5, 25, 4, 25, 46]": 0
          },
          "[:if, 6, 26, 4, 26, 44]": {
            "[:then, 7, 26, 4, 26, 16]": 0,
            "[:else, 8, 26, 4, 26, 44]": 0
          },
          "[:if, 9, 27, 4, 27, 45]": {
            "[:then, 10, 27, 4, 27, 16]": 0,
            "[:else, 11, 27, 4, 27, 45]": 0
          },
          "[:if, 12, 28, 4, 28, 47]": {
            "[:then, 13, 28, 4, 28, 16]": 0,
            "[:else, 14, 28, 4, 28, 47]": 0
          },
          "[:if, 15, 29, 4, 29, 48]": {
            "[:then, 16, 29, 4, 29, 16]": 0,
            "[:else, 17, 29, 4, 29, 48]": 0
          },
          "[:if, 18, 30, 4, 30, 47]": {
            "[:then, 19, 30, 4, 30, 16]": 0,
            "[:else, 20, 30, 4, 30, 47]": 0
          },
          "[:if, 21, 31, 4, 31, 46]": {
            "[:then, 22, 31, 4, 31, 16]": 0,
            "[:else, 23, 31, 4, 31, 46]": 0
          },
          "[:if, 24, 32, 4, 32, 43]": {
            "[:then, 25, 32, 4, 32, 16]": 0,
            "[:else, 26, 32, 4, 32, 43]": 0
          },
          "[:if, 27, 33, 4, 33, 33]": {
            "[:then, 28, 33, 4, 33, 16]": 0,
            "[:else, 29, 33, 4, 33, 33]": 0
          },
          "[:if, 30, 34, 4, 34, 51]": {
            "[:then, 31, 34, 4, 34, 16]": 0,
            "[:else, 32, 34, 4, 34, 51]": 0
          }
        }
      },
      "/Users/carlosbarbosa/Documents/shopstars dev/railspress/app/middleware/allow_iframe_for_logs.rb": {
        "lines": [
          1,
          1,
          0,
          null,
          null,
          1,
          0,
          null,
          0,
          0,
          0,
          null,
          null,
          null,
          null,
          0,
          null,
          null
        ],
        "branches": {
          "[:if, 0, 9, 4, 14, 7]": {
            "[:then, 1, 10, 6, 13, 53]": 0,
            "[:else, 2, 9, 4, 14, 7]": 0
          }
        }
      },
      "/Users/carlosbarbosa/Documents/shopstars dev/railspress/app/middleware/channel_detection_middleware.rb": {
        "lines": [
          1,
          1,
          1,
          1,
          null,
          null,
          1,
          0,
          null,
          null,
          0,
          0,
          0,
          0,
          null,
          null,
          0,
          0,
          0,
          0,
          null,
          null,
          null,
          0,
          null,
          null,
          1,
          null,
          1,
          0,
          null,
          null,
          1,
          0,
          null,
          null,
          0,
          0,
          null,
          null,
          null,
          0,
          0,
          null,
          null,
          null,
          0,
          0,
          null,
          null,
          null,
          0,
          null,
          null,
          1,
          0,
          null,
          null,
          1,
          0,
          null,
          0,
          null,
          0,
          null,
          0,
          null,
          0,
          null,
          null,
          null,
          null
        ],
        "branches": {
          "[:if, 0, 11, 6, 22, 9]": {
            "[:then, 1, 12, 8, 21, 11]": 0,
            "[:else, 2, 11, 6, 22, 9]": 0
          },
          "[:if, 3, 17, 8, 21, 11]": {
            "[:then, 4, 18, 10, 20, 57]": 0,
            "[:else, 5, 17, 8, 21, 11]": 0
          },
          "[:if, 6, 34, 6, 34, 48]": {
            "[:then, 7, 34, 6, 34, 19]": 0,
            "[:else, 8, 34, 6, 34, 48]": 0
          },
          "[:if, 9, 37, 6, 39, 9]": {
            "[:then, 10, 38, 8, 38, 22]": 0,
            "[:else, 11, 37, 6, 39, 9]": 0
          },
          "[:if, 12, 42, 6, 44, 9]": {
            "[:then, 13, 43, 8, 43, 22]": 0,
            "[:else, 14, 42, 6, 44, 9]": 0
          },
          "[:if, 15, 47, 6, 49, 9]": {
            "[:then, 16, 48, 8, 48, 24]": 0,
            "[:else, 17, 47, 6, 49, 9]": 0
          },
          "[:case, 18, 60, 6, 69, 9]": {
            "[:when, 19, 62, 8, 62, 39]": 0,
            "[:when, 20, 64, 8, 64, 40]": 0,
            "[:when, 21, 66, 8, 66, 43]": 0,
            "[:else, 22, 68, 8, 68, 36]": 0
          }
        }
      },
      "/Users/carlosbarbosa/Documents/shopstars dev/railspress/lib/railspress/liquid/image_optimization_tags.rb": {
        "lines": [
          null,
          null,
          null,
          1,
          1,
          0,
          0,
          null,
          null,
          1,
          0,
          0,
          null,
          0,
          0,
          null,
          0,
          null,
          null,
          1,
          null,
          1,
          0,
          0,
          0,
          null,
          0,
          null,
          0,
          null,
          null,
          1,
          0,
          null,
          0,
          0,
          null,
          0,
          null,
          null,
          1,
          0,
          0,
          null,
          null,
          0,
          0,
          null,
          null,
          0,
          null,
          null,
          0,
          null,
          null,
          null,
          null,
          null,
          null,
          null,
          null,
          null,
          null,
          null,
          null,
          null,
          1,
          null,
          0,
          null,
          null,
          1,
          0,
          null,
          0,
          0,
          null,
          0,
          0,
          null,
          null,
          0,
          null,
          0,
          null,
          null,
          1,
          0,
          0,
          null,
          0,
          null,
          null,
          1,
          0,
          null,
          null,
          null,
          null,
          null,
          null,
          null,
          null,
          null,
          null,
          null,
          null,
          null,
          null,
          null,
          null,
          null,
          null,
          null,
          null,
          null,
          null,
          1,
          1,
          0,
          0,
          null,
          null,
          1,
          0,
          0,
          null,
          0,
          0,
          null,
          0,
          null,
          null,
          1,
          null,
          1,
          0,
          0,
          0,
          null,
          0,
          null,
          0,
          null,
          null,
          1,
          0,
          null,
          0,
          0,
          null,
          0,
          null,
          null,
          1,
          0,
          null,
          null,
          0,
          null,
          null,
          null,
          null,
          null,
          null,
          null,
          null,
          null,
          null,
          null,
          null,
          null,
          null,
          null,
          null,
          null,
          null,
          null,
          1,
          1,
          0,
          null,
          null,
          1,
          0,
          null,
          null,
          1,
          null,
          1,
          0,
          null,
          null,
          null,
          null,
          null,
          null,
          null,
          null,
          null,
          null,
          null,
          null,
          null,
          null,
          null,
          null,
          null,
          null,
          null,
          null,
          null,
          null,
          null,
          null,
          null,
          null,
          null,
          null,
          null,
          null,
          null,
          null,
          null,
          null,
          null,
          null,
          null,
          null,
          null,
          null,
          null,
          null,
          null,
          null,
          null,
          null,
          null,
          null,
          null,
          null,
          null,
          null,
          null,
          null,
          null,
          null,
          null,
          null,
          null,
          null,
          null,
          null,
          null,
          null,
          null,
          null,
          null,
          null,
          null,
          null,
          null,
          null,
          null,
          null,
          null,
          null,
          null,
          null,
          null,
          null,
          null,
          null,
          null,
          null,
          null,
          null,
          null,
          null,
          null,
          null,
          null,
          null,
          null,
          null,
          null,
          null,
          null,
          null,
          null,
          null,
          null,
          null,
          null,
          null,
          null,
          null,
          null,
          null,
          1,
          1,
          0,
          null,
          null,
          1,
          0,
          null,
          null,
          1,
          null,
          1,
          0,
          null,
          0,
          null,
          null,
          null,
          null,
          null,
          null,
          null,
          null,
          null,
          null,
          null,
          null,
          null,
          null,
          null,
          null,
          null,
          null,
          null,
          null,
          null,
          null,
          null,
          null,
          null,
          null,
          null,
          null,
          null,
          null,
          null,
          null,
          1,
          0,
          0,
          null,
          0,
          0,
          null,
          null,
          0,
          0,
          null,
          null,
          0,
          null,
          null,
          null,
          null,
          null,
          null,
          null,
          null,
          null,
          null,
          1,
          1,
          1,
          1
        ],
        "branches": {
          "[:unless, 0, 12, 4, 12, 33]": {
            "[:else, 1, 12, 4, 12, 33]": 0,
            "[:then, 2, 12, 4, 12, 13]": 0
          },
          "[:\"&.\", 3, 15, 21, 15, 44]": {
            "[:then, 4, 15, 21, 15, 44]": 0,
            "[:else, 5, 15, 21, 15, 44]": 0
          },
          "[:\"&.\", 6, 15, 21, 15, 55]": {
            "[:then, 7, 15, 21, 15, 55]": 0,
            "[:else, 8, 15, 21, 15, 55]": 0
          },
          "[:unless, 9, 15, 4, 15, 55]": {
            "[:else, 10, 15, 4, 15, 55]": 0,
            "[:then, 11, 15, 4, 15, 13]": 0
          },
          "[:unless, 12, 33, 4, 33, 49]": {
            "[:else, 13, 33, 4, 33, 49]": 0,
            "[:then, 14, 33, 4, 33, 14]": 0
          },
          "[:\"&.\", 15, 73, 34, 73, 62]": {
            "[:then, 16, 73, 34, 73, 62]": 0,
            "[:else, 17, 73, 34, 73, 62]": 0
          },
          "[:unless, 18, 73, 4, 73, 62]": {
            "[:else, 19, 73, 4, 73, 62]": 0,
            "[:then, 20, 73, 4, 73, 26]": 0
          },
          "[:unless, 21, 126, 4, 126, 36]": {
            "[:else, 22, 126, 4, 126, 36]": 0,
            "[:then, 23, 126, 4, 126, 13]": 0
          },
          "[:\"&.\", 24, 129, 21, 129, 44]": {
            "[:then, 25, 129, 21, 129, 44]": 0,
            "[:else, 26, 129, 21, 129, 44]": 0
          },
          "[:\"&.\", 27, 129, 21, 129, 55]": {
            "[:then, 28, 129, 21, 129, 55]": 0,
            "[:else, 29, 129, 21, 129, 55]": 0
          },
          "[:unless, 30, 129, 4, 129, 55]": {
            "[:else, 31, 129, 4, 129, 55]": 0,
            "[:then, 32, 129, 4, 129, 13]": 0
          },
          "[:unless, 33, 147, 4, 147, 49]": {
            "[:else, 34, 147, 4, 147, 49]": 0,
            "[:then, 35, 147, 4, 147, 14]": 0
          },
          "[:if, 36, 356, 30, 356, 108]": {
            "[:then, 37, 356, 49, 356, 104]": 0,
            "[:else, 38, 356, 107, 356, 108]": 0
          }
        }
      },
      "/Users/carlosbarbosa/Documents/shopstars dev/railspress/lib/railspress/plugin_system.rb": {
        "lines": [
          1,
          1,
          1,
          1,
          null,
          1,
          1,
          1,
          1,
          1,
          1,
          1,
          1,
          null,
          null,
          1,
          1,
          1,
          1,
          1,
          1,
          1,
          1,
          1,
          1,
          1,
          null,
          1,
          null,
          null,
          null,
          1,
          0,
          0,
          null,
          null,
          null,
          1,
          0,
          null,
          null,
          0,
          0,
          null,
          null,
          0,
          null,
          0,
          0,
          null,
          null,
          null,
          1,
          1,
          null,
          null,
          1,
          null,
          1,
          null,
          0,
          null,
          0,
          null,
          null,
          0,
          0,
          null,
          null,
          0,
          0,
          null,
          0,
          0,
          0,
          null,
          0,
          null,
          null,
          0,
          null,
          null,
          0,
          null,
          null,
          null,
          null,
          null,
          1,
          0,
          0,
          null,
          0,
          0,
          null,
          0,
          0,
          null,
          0,
          null,
          null,
          null,
          0,
          0,
          0,
          null,
          0,
          null,
          0,
          0,
          0,
          null,
          null,
          null,
          null,
          0,
          null,
          null,
          null,
          null,
          null,
          null,
          null,
          1,
          0,
          0,
          null,
          0,
          0,
          null,
          0,
          0,
          null,
          0,
          null,
          null,
          0,
          0,
          null,
          0,
          null,
          0,
          0,
          0,
          null,
          null,
          null,
          null,
          0,
          null,
          null,
          null,
          null,
          null,
          null,
          null,
          1,
          0,
          0,
          null,
          null,
          null,
          null,
          0,
          null,
          null,
          null,
          1,
          0,
          null,
          0,
          0,
          null,
          0,
          null,
          null,
          0,
          0,
          0,
          0,
          null,
          0,
          0,
          0,
          0,
          null,
          null,
          null,
          0,
          null,
          null,
          null,
          null,
          0,
          null,
          null,
          null,
          1,
          0,
          0,
          0,
          null,
          null,
          null,
          1,
          0,
          null,
          0,
          null,
          0,
          0,
          null,
          0,
          null,
          null,
          0,
          0,
          null,
          null,
          null,
          null,
          null,
          1,
          0,
          null,
          null,
          null,
          1,
          0,
          null,
          null,
          null,
          1,
          1,
          null,
          null,
          null,
          1,
          0,
          null,
          null,
          0,
          null,
          0,
          null,
          null,
          null,
          1,
          0,
          0,
          0,
          null,
          null,
          null,
          1,
          0,
          null,
          null,
          null,
          1,
          0,
          0,
          0,
          null,
          null,
          null,
          1,
          0,
          0,
          0,
          null,
          null,
          null,
          1,
          0,
          0,
          0,
          null,
          null,
          null,
          1,
          0,
          null,
          null,
          null,
          1,
          0,
          null,
          null,
          null,
          null,
          1,
          1,
          1,
          1,
          1,
          null,
          1,
          null,
          0,
          null,
          0,
          null,
          0,
          0,
          0,
          0,
          null,
          0,
          null,
          null,
          0,
          0,
          null,
          null,
          null,
          0,
          0,
          null,
          null,
          null,
          null,
          null,
          null,
          0,
          0,
          0,
          0,
          null,
          0,
          null,
          null,
          0,
          0,
          null,
          null,
          null,
          0,
          0,
          null,
          null,
          null,
          null,
          null,
          null,
          0,
          0,
          0,
          0,
          null,
          0,
          null,
          0,
          0,
          null,
          null,
          null,
          0,
          0,
          null,
          null,
          null,
          null,
          null,
          null,
          0,
          null,
          0,
          0,
          null,
          null,
          null,
          null,
          null,
          null,
          1,
          0,
          0,
          null,
          null,
          1,
          0,
          null,
          0,
          0,
          null,
          null,
          0,
          null,
          null,
          null,
          null,
          null,
          null,
          1,
          0,
          0,
          null,
          null,
          1,
          0,
          0,
          0,
          0,
          null,
          null,
          null,
          0,
          null,
          0,
          null,
          0,
          null,
          null,
          null,
          0,
          null,
          null,
          null,
          null,
          null,
          null,
          1,
          0,
          0,
          null,
          null,
          1,
          0,
          0,
          null,
          0,
          0,
          null,
          0,
          null,
          null,
          null,
          null,
          null,
          null,
          null,
          null,
          null,
          1,
          0,
          0,
          null,
          null,
          1,
          0,
          null,
          0,
          0,
          0,
          null,
          0,
          null,
          null,
          null,
          null,
          null,
          null,
          1,
          0,
          0,
          null,
          null,
          1,
          0,
          null,
          0,
          0,
          0,
          0,
          0,
          null,
          0,
          null,
          null,
          null,
          0,
          null,
          null,
          null,
          null,
          null,
          null,
          null,
          null,
          null,
          null,
          null,
          null,
          1,
          0,
          0,
          null,
          null,
          1,
          0,
          0,
          null,
          null,
          1,
          0,
          0,
          null,
          null,
          null,
          null,
          null,
          null,
          1,
          0,
          0,
          null,
          null,
          null,
          null,
          null,
          null,
          1,
          0,
          0,
          null,
          null,
          1,
          0,
          0,
          null,
          0,
          0,
          0,
          null,
          null,
          0,
          null,
          null,
          null,
          null,
          null,
          null,
          null,
          null,
          null,
          1,
          null,
          0,
          null,
          null,
          null,
          null,
          null,
          0,
          null,
          null,
          1,
          null,
          0,
          null,
          null,
          null,
          null,
          null,
          null,
          0,
          null,
          null,
          null,
          null,
          null,
          null,
          1,
          0,
          0,
          null,
          null,
          0,
          0,
          null,
          null,
          null,
          null,
          null,
          null,
          null,
          null,
          null,
          null,
          null,
          null,
          1,
          0,
          0,
          null,
          0,
          null,
          0,
          null,
          null,
          null,
          null,
          null,
          null,
          null,
          null,
          null,
          null,
          0,
          0,
          null,
          0,
          null,
          null,
          1,
          0,
          0,
          null,
          0,
          null,
          0,
          null,
          null,
          null,
          null,
          null,
          null,
          null,
          0,
          0,
          null,
          0,
          null,
          null,
          null,
          null,
          null
        ],
        "branches": {
          "[:unless, 0, 39, 8, 39, 44]": {
            "[:else, 1, 39, 8, 39, 44]": 0,
            "[:then, 2, 39, 8, 39, 14]": 0
          },
          "[:unless, 3, 54, 8, 54, 41]": {
            "[:else, 4, 54, 8, 54, 41]": 1,
            "[:then, 5, 54, 8, 54, 25]": 0
          },
          "[:unless, 6, 57, 8, 57, 76]": {
            "[:else, 7, 57, 8, 57, 76]": 1,
            "[:then, 8, 57, 8, 57, 14]": 0
          },
          "[:if, 9, 63, 10, 84, 13]": {
            "[:then, 10, 66, 14, 80, 92]": 0,
            "[:else, 11, 83, 12, 83, 80]": 0
          },
          "[:if, 12, 66, 28, 66, 69]": {
            "[:then, 13, 66, 53, 66, 58]": 0,
            "[:else, 14, 66, 61, 66, 69]": 0
          },
          "[:if, 15, 71, 14, 78, 17]": {
            "[:then, 16, 73, 16, 75, 101]": 0,
            "[:else, 17, 77, 16, 77, 87]": 0
          },
          "[:unless, 18, 91, 8, 91, 49]": {
            "[:else, 19, 91, 8, 91, 49]": 0,
            "[:then, 20, 91, 8, 91, 18]": 0
          },
          "[:unless, 21, 94, 10, 94, 49]": {
            "[:else, 22, 94, 10, 94, 49]": 0,
            "[:then, 23, 94, 10, 94, 14]": 0
          },
          "[:unless, 24, 99, 10, 99, 46]": {
            "[:else, 25, 99, 10, 99, 46]": 0,
            "[:then, 26, 99, 10, 99, 14]": 0
          },
          "[:if, 27, 107, 12, 113, 15]": {
            "[:then, 28, 109, 14, 112, 17]": 0,
            "[:else, 29, 107, 12, 113, 15]": 0
          },
          "[:if, 30, 110, 14, 112, 17]": {
            "[:then, 31, 111, 16, 111, 34]": 0,
            "[:else, 32, 110, 14, 112, 17]": 0
          },
          "[:unless, 33, 126, 8, 126, 49]": {
            "[:else, 34, 126, 8, 126, 49]": 0,
            "[:then, 35, 126, 8, 126, 18]": 0
          },
          "[:unless, 36, 129, 10, 129, 49]": {
            "[:else, 37, 129, 10, 129, 49]": 0,
            "[:then, 38, 129, 10, 129, 14]": 0
          },
          "[:unless, 39, 134, 10, 134, 46]": {
            "[:else, 40, 134, 10, 134, 46]": 0,
            "[:then, 41, 134, 10, 134, 14]": 0
          },
          "[:if, 42, 140, 12, 146, 15]": {
            "[:then, 43, 142, 14, 145, 17]": 0,
            "[:else, 44, 140, 12, 146, 15]": 0
          },
          "[:if, 45, 143, 14, 145, 17]": {
            "[:then, 46, 144, 16, 144, 36]": 0,
            "[:else, 47, 143, 14, 145, 17]": 0
          },
          "[:unless, 48, 169, 8, 169, 39]": {
            "[:else, 49, 169, 8, 169, 39]": 0,
            "[:then, 50, 169, 8, 169, 14]": 0
          },
          "[:unless, 51, 174, 10, 174, 56]": {
            "[:else, 52, 174, 10, 174, 56]": 0,
            "[:then, 53, 174, 10, 174, 14]": 0
          },
          "[:if, 54, 177, 12, 187, 15]": {
            "[:then, 55, 178, 14, 179, 41]": 0,
            "[:else, 56, 180, 12, 186, 17]": 0
          },
          "[:if, 57, 179, 14, 179, 41]": {
            "[:then, 58, 179, 14, 179, 31]": 0,
            "[:else, 59, 179, 14, 179, 41]": 0
          },
          "[:if, 60, 180, 12, 186, 17]": {
            "[:then, 61, 182, 14, 186, 17]": 0,
            "[:else, 62, 180, 12, 186, 17]": 0
          },
          "[:if, 63, 183, 14, 186, 17]": {
            "[:then, 64, 184, 16, 185, 43]": 0,
            "[:else, 65, 183, 14, 186, 17]": 0
          },
          "[:if, 66, 185, 16, 185, 43]": {
            "[:then, 67, 185, 16, 185, 33]": 0,
            "[:else, 68, 185, 16, 185, 43]": 0
          },
          "[:unless, 69, 206, 8, 206, 49]": {
            "[:else, 70, 206, 8, 206, 49]": 0,
            "[:then, 71, 206, 8, 206, 20]": 0
          },
          "[:if, 72, 210, 12, 214, 15]": {
            "[:then, 73, 211, 14, 211, 59]": 0,
            "[:else, 74, 213, 14, 213, 28]": 0
          },
          "[:unless, 75, 239, 8, 239, 38]": {
            "[:else, 76, 239, 8, 239, 38]": 0,
            "[:then, 77, 239, 8, 239, 19]": 0
          },
          "[:unless, 78, 242, 8, 242, 82]": {
            "[:else, 79, 242, 8, 242, 82]": 0,
            "[:then, 80, 242, 8, 242, 20]": 0
          },
          "[:\"&.\", 81, 256, 8, 256, 44]": {
            "[:then, 82, 256, 8, 256, 44]": 0,
            "[:else, 83, 256, 8, 256, 44]": 0
          },
          "[:\"&.\", 84, 282, 8, 282, 28]": {
            "[:then, 85, 282, 8, 282, 28]": 0,
            "[:else, 86, 282, 8, 282, 28]": 0
          },
          "[:\"&.\", 87, 282, 8, 282, 37]": {
            "[:then, 88, 282, 8, 282, 37]": 0,
            "[:else, 89, 282, 8, 282, 37]": 0
          },
          "[:\"&.\", 90, 294, 24, 294, 50]": {
            "[:then, 91, 294, 24, 294, 50]": 1,
            "[:else, 92, 294, 24, 294, 50]": 0
          },
          "[:\"&.\", 93, 295, 24, 295, 53]": {
            "[:then, 94, 295, 24, 295, 53]": 1,
            "[:else, 95, 295, 24, 295, 53]": 0
          },
          "[:\"&.\", 96, 296, 24, 296, 44]": {
            "[:then, 97, 296, 24, 296, 44]": 1,
            "[:else, 98, 296, 24, 296, 44]": 0
          },
          "[:if, 99, 298, 8, 298, 35]": {
            "[:then, 100, 298, 8, 298, 14]": 1,
            "[:else, 101, 298, 8, 298, 35]": 0
          },
          "[:\"&.\", 102, 304, 13, 304, 39]": {
            "[:then, 103, 304, 13, 304, 39]": 0,
            "[:else, 104, 304, 13, 304, 39]": 0
          },
          "[:if, 105, 304, 10, 322, 13]": {
            "[:then, 106, 305, 12, 321, 15]": 0,
            "[:else, 107, 304, 10, 322, 13]": 0
          },
          "[:if, 108, 313, 20, 313, 64]": {
            "[:then, 109, 313, 20, 313, 48]": 0,
            "[:else, 110, 313, 20, 313, 64]": 0
          },
          "[:\"&.\", 111, 325, 13, 325, 42]": {
            "[:then, 112, 325, 13, 325, 42]": 0,
            "[:else, 113, 325, 13, 325, 42]": 0
          },
          "[:if, 114, 325, 10, 343, 13]": {
            "[:then, 115, 326, 12, 342, 15]": 0,
            "[:else, 116, 325, 10, 343, 13]": 0
          },
          "[:if, 117, 334, 20, 334, 64]": {
            "[:then, 118, 334, 20, 334, 48]": 0,
            "[:else, 119, 334, 20, 334, 64]": 0
          },
          "[:\"&.\", 120, 346, 13, 346, 33]": {
            "[:then, 121, 346, 13, 346, 33]": 0,
            "[:else, 122, 346, 13, 346, 33]": 0
          },
          "[:if, 123, 346, 10, 363, 13]": {
            "[:then, 124, 347, 12, 362, 15]": 0,
            "[:else, 125, 346, 10, 363, 13]": 0
          },
          "[:if, 126, 354, 20, 354, 64]": {
            "[:then, 127, 354, 20, 354, 48]": 0,
            "[:else, 128, 354, 20, 354, 64]": 0
          },
          "[:if, 129, 453, 8, 453, 63]": {
            "[:then, 130, 453, 8, 453, 55]": 0,
            "[:else, 131, 453, 8, 453, 63]": 0
          },
          "[:if, 132, 454, 8, 454, 82]": {
            "[:then, 133, 454, 8, 454, 61]": 0,
            "[:else, 134, 454, 8, 454, 82]": 0
          },
          "[:if, 135, 455, 8, 455, 88]": {
            "[:then, 136, 455, 8, 455, 64]": 0,
            "[:else, 137, 455, 8, 455, 88]": 0
          },
          "[:unless, 138, 470, 8, 470, 41]": {
            "[:else, 139, 470, 8, 470, 41]": 0,
            "[:then, 140, 470, 8, 470, 14]": 0
          },
          "[:if, 141, 579, 8, 586, 11]": {
            "[:then, 142, 580, 10, 585, 11]": 0,
            "[:else, 143, 579, 8, 586, 11]": 0
          },
          "[:if, 144, 603, 18, 603, 59]": {
            "[:then, 145, 603, 26, 603, 36]": 0,
            "[:else, 146, 603, 39, 603, 59]": 0
          },
          "[:if, 147, 625, 89, 625, 133]": {
            "[:then, 148, 625, 106, 625, 108]": 0,
            "[:else, 149, 625, 111, 625, 133]": 0
          }
        }
      },
      "/Users/carlosbarbosa/Documents/shopstars dev/railspress/lib/railspress/plugin_base.rb": {
        "lines": [
          1,
          1,
          1,
          null,
          1,
          0,
          0,
          null,
          null,
          1,
          0,
          0,
          null,
          null,
          1,
          0,
          0,
          null,
          null,
          1,
          0,
          0,
          null,
          null,
          1,
          0,
          0,
          null,
          null,
          1,
          0,
          0,
          null,
          null,
          null,
          1,
          0,
          null,
          null,
          null,
          1,
          null,
          1,
          0,
          0,
          0,
          0,
          0,
          null,
          null,
          0,
          0,
          0,
          0,
          0,
          0,
          0,
          0,
          0,
          0,
          null,
          null,
          0,
          0,
          0,
          0,
          0,
          0,
          null,
          null,
          0,
          0,
          null,
          null,
          0,
          null,
          null,
          null,
          1,
          0,
          null,
          null,
          1,
          0,
          null,
          null,
          1,
          0,
          null,
          null,
          1,
          0,
          null,
          null,
          null,
          1,
          0,
          null,
          null,
          null,
          null,
          1,
          0,
          null,
          null,
          null,
          null,
          1,
          0,
          null,
          0,
          null,
          null,
          null,
          null,
          null,
          null,
          null,
          null,
          1,
          0,
          null,
          null,
          null,
          1,
          0,
          null,
          null,
          null,
          1,
          0,
          null,
          null,
          null,
          1,
          0,
          null,
          0,
          null,
          0,
          null,
          0,
          null,
          0,
          null,
          null,
          null,
          null,
          1,
          0,
          0,
          null,
          null,
          null,
          1,
          0,
          0,
          null,
          0,
          0,
          null,
          null,
          0,
          null,
          null,
          null,
          null,
          1,
          0,
          0,
          null,
          0,
          null,
          null,
          null,
          null,
          null,
          null,
          null,
          null,
          1,
          0,
          0,
          null,
          0,
          null,
          null,
          null,
          1,
          0,
          0,
          null,
          0,
          null,
          null,
          null,
          1,
          0,
          0,
          null,
          0,
          null,
          null,
          null,
          1,
          0,
          0,
          null,
          0,
          null,
          null,
          null,
          null,
          null,
          null,
          null,
          null,
          null,
          null,
          1,
          0,
          0,
          null,
          0,
          null,
          null,
          null,
          1,
          0,
          0,
          null,
          null,
          0,
          null,
          0,
          null,
          0,
          null,
          0,
          null,
          0,
          null,
          null,
          null,
          0,
          0,
          null,
          null,
          0,
          null,
          null,
          null,
          1,
          0,
          null,
          0,
          0,
          null,
          null,
          null,
          null,
          null,
          null,
          null,
          null,
          null,
          0,
          null,
          null,
          null,
          1,
          0,
          null,
          null,
          null,
          1,
          0,
          null,
          null,
          null,
          1,
          0,
          null,
          null,
          null,
          1,
          0,
          0,
          null,
          null,
          0,
          0,
          null,
          null,
          null,
          1,
          null,
          0,
          0,
          null,
          0,
          null,
          null,
          null,
          0,
          0,
          null,
          0,
          null,
          null,
          null,
          null,
          1,
          0,
          0,
          0,
          null,
          0,
          null,
          null,
          null,
          1,
          0,
          0,
          null,
          null,
          null,
          1,
          null,
          1,
          0,
          0,
          0,
          0,
          null,
          0,
          null,
          null,
          1,
          null,
          null,
          null,
          0,
          null,
          null,
          1,
          0,
          null,
          null,
          null,
          1,
          0,
          null,
          null,
          null,
          null,
          1,
          0,
          null,
          null,
          null,
          null,
          null,
          null,
          null,
          null,
          null,
          null,
          null,
          null,
          null,
          null,
          null,
          1,
          0,
          null,
          null,
          null,
          null,
          null,
          null,
          null,
          null,
          null,
          null,
          null,
          null,
          null,
          null,
          null,
          null,
          null,
          null,
          null,
          null,
          1,
          null,
          null,
          0,
          null,
          null,
          null,
          1,
          0,
          null,
          null,
          null,
          null,
          null,
          null,
          null,
          null,
          null,
          null,
          1,
          0,
          null,
          null,
          null,
          null,
          null,
          null,
          null,
          null,
          null,
          null,
          null,
          1,
          0,
          null,
          null,
          null,
          null,
          null,
          null,
          null,
          null,
          null,
          null,
          1,
          0,
          null,
          null,
          null,
          null,
          null,
          null,
          null,
          null,
          null,
          1,
          0,
          null,
          null,
          null,
          null,
          null,
          null,
          null,
          null,
          null,
          null,
          null,
          1,
          0,
          null,
          null,
          null,
          null,
          null,
          null,
          null,
          null,
          null,
          null,
          1,
          0,
          null,
          null,
          null,
          null,
          null,
          null,
          null,
          null,
          null,
          1,
          0,
          null,
          null,
          null,
          null,
          null,
          null,
          null,
          null,
          null,
          null,
          1,
          null,
          null,
          0,
          null,
          null,
          null,
          1,
          0,
          0,
          null,
          null,
          0,
          0,
          0,
          null,
          0,
          null,
          null,
          null,
          null,
          1,
          0,
          0,
          null,
          null,
          null,
          null,
          null,
          null,
          null,
          null,
          null,
          null,
          null,
          null,
          null,
          null,
          null,
          null,
          1,
          null,
          0,
          null,
          null,
          null,
          null,
          null,
          null,
          null,
          null,
          null,
          null,
          null,
          0,
          null,
          null,
          0,
          null,
          0,
          null,
          null,
          null,
          1,
          null,
          0,
          null,
          null,
          null,
          null,
          null,
          null,
          null,
          null,
          null,
          null,
          null,
          null,
          null,
          null,
          null,
          null,
          null,
          null,
          null,
          1,
          0,
          0,
          0,
          null,
          null,
          null,
          1,
          0,
          0,
          0,
          null,
          null,
          null,
          1,
          0,
          0,
          0,
          null,
          null,
          null,
          1,
          0,
          null,
          null,
          null,
          null,
          null,
          null,
          null,
          1,
          null,
          0,
          null,
          null,
          null,
          null,
          null,
          null,
          null,
          null,
          null,
          0,
          0,
          0,
          null,
          null,
          null,
          1,
          0,
          null,
          null,
          null,
          null,
          null,
          null,
          null,
          1,
          null,
          0,
          null,
          null,
          null,
          null,
          0,
          0,
          0,
          null,
          null,
          null,
          1,
          0,
          null,
          null,
          null,
          null,
          null,
          null,
          null,
          1,
          null,
          0,
          null,
          null,
          null,
          null,
          0,
          0,
          0,
          null,
          null,
          null,
          null,
          null,
          null,
          null,
          1,
          null,
          0,
          null,
          null,
          null,
          null,
          null,
          null,
          null,
          0,
          0,
          0,
          null,
          null,
          null,
          1,
          0,
          null,
          null,
          null,
          1,
          0,
          null,
          null,
          null,
          1,
          0,
          null,
          null,
          null,
          null,
          null,
          null,
          null,
          1,
          null,
          0,
          null,
          null,
          null,
          null,
          null,
          null,
          null,
          null,
          0,
          0,
          0,
          null,
          null,
          null,
          null,
          null,
          null,
          null,
          1,
          null,
          0,
          null,
          null,
          null,
          null,
          null,
          null,
          0,
          0,
          0,
          null,
          null,
          null,
          1,
          null,
          0,
          null,
          null,
          null,
          null,
          null,
          0,
          0,
          0,
          null,
          null,
          null,
          1,
          null,
          0,
          null,
          null,
          null,
          null,
          null,
          null,
          null,
          0,
          0,
          0,
          null,
          null,
          null,
          null,
          null,
          null,
          null,
          1,
          null,
          0,
          null,
          null,
          null,
          0,
          0,
          0,
          null,
          null,
          null,
          null,
          null,
          null,
          null,
          1,
          null,
          0,
          null,
          null,
          null,
          null,
          0,
          0,
          0,
          null,
          null,
          null,
          null,
          null,
          null,
          null,
          1,
          0,
          null,
          0,
          0,
          0,
          null,
          0,
          null,
          null,
          null,
          null,
          1,
          0,
          0,
          null,
          0,
          null,
          null,
          null,
          null,
          null,
          null,
          null,
          null,
          1,
          0,
          null,
          null,
          null,
          1,
          0,
          null,
          null,
          null,
          null,
          null,
          null,
          null,
          1,
          null,
          0,
          null,
          null,
          null,
          null,
          0,
          0,
          null,
          null,
          null,
          null,
          null,
          null,
          null,
          1,
          0,
          0,
          0,
          null,
          null,
          null,
          1,
          0,
          0,
          null,
          null,
          null,
          null,
          null,
          null,
          null,
          1,
          0,
          null,
          null,
          null,
          1,
          0,
          null,
          null,
          null,
          1,
          0,
          null,
          null,
          null,
          1,
          0,
          null,
          null,
          null,
          1,
          0,
          null,
          null,
          null,
          null,
          null,
          null,
          null,
          null,
          1,
          0,
          0,
          null,
          null,
          null,
          null,
          null,
          null,
          null,
          null,
          1,
          0,
          null,
          null,
          0,
          0,
          0,
          null,
          null,
          null,
          0,
          0,
          0,
          null,
          0,
          0,
          null,
          0,
          0,
          null,
          null,
          null,
          1,
          0,
          0,
          null,
          null,
          null,
          1,
          0,
          0,
          null,
          null,
          null,
          1,
          0,
          0,
          null,
          null,
          null,
          1,
          0,
          null,
          0,
          null,
          null,
          null,
          null,
          null,
          null,
          0,
          null,
          null,
          null,
          1,
          0,
          null,
          0,
          0,
          null,
          null,
          null,
          1,
          0,
          null,
          0,
          0,
          null,
          null,
          null,
          null,
          null,
          null,
          null,
          1,
          0,
          null,
          null,
          null,
          1,
          0,
          null,
          null,
          null,
          1,
          0,
          null,
          null,
          null,
          1,
          0,
          null,
          null,
          null,
          1,
          0,
          null,
          null,
          null,
          1,
          0,
          null,
          null,
          null,
          1,
          null,
          null,
          0,
          null,
          null,
          null,
          1,
          null,
          0,
          null,
          null,
          null,
          null,
          null,
          null,
          null,
          null,
          null,
          null,
          null,
          null,
          null,
          null,
          null,
          null,
          null,
          null,
          1,
          0,
          null,
          null,
          null,
          1,
          0,
          null,
          null,
          null,
          1,
          0,
          0,
          0,
          0,
          0,
          0,
          0,
          0,
          0,
          0,
          0,
          0,
          0,
          0,
          null,
          null,
          0,
          null,
          null,
          null,
          1,
          0,
          0,
          0,
          0,
          null,
          null,
          null,
          null,
          1,
          0,
          0,
          null,
          0,
          0,
          0,
          null,
          null,
          null,
          null,
          null,
          null,
          null,
          1,
          0,
          null,
          null,
          null,
          null,
          0,
          0,
          0,
          null,
          null,
          0,
          0,
          0,
          null,
          null,
          null,
          0,
          0,
          0,
          0,
          null,
          0,
          null,
          null,
          null,
          0,
          0,
          null,
          null,
          null,
          1,
          0,
          0,
          0,
          0,
          0,
          0,
          null,
          null,
          null,
          1,
          0,
          null,
          null,
          null,
          1,
          0,
          null,
          null,
          null,
          1,
          0,
          null,
          null,
          null,
          1,
          0,
          null,
          0,
          null,
          0,
          null,
          0,
          null,
          0,
          null,
          0,
          null,
          null,
          null,
          null
        ],
        "branches": {
          "[:if, 0, 6, 8, 6, 35]": {
            "[:then, 1, 6, 8, 6, 27]": 0,
            "[:else, 2, 6, 8, 6, 35]": 0
          },
          "[:if, 3, 11, 8, 11, 44]": {
            "[:then, 4, 11, 8, 11, 33]": 0,
            "[:else, 5, 11, 8, 11, 44]": 0
          },
          "[:if, 6, 16, 8, 16, 56]": {
            "[:then, 7, 16, 8, 16, 41]": 0,
            "[:else, 8, 16, 8, 16, 56]": 0
          },
          "[:if, 9, 21, 8, 21, 41]": {
            "[:then, 10, 21, 8, 21, 31]": 0,
            "[:else, 11, 21, 8, 21, 41]": 0
          },
          "[:if, 12, 26, 8, 26, 32]": {
            "[:then, 13, 26, 8, 26, 25]": 0,
            "[:else, 14, 26, 8, 26, 32]": 0
          },
          "[:if, 15, 31, 8, 31, 44]": {
            "[:then, 16, 31, 8, 31, 33]": 0,
            "[:else, 17, 31, 8, 31, 44]": 0
          },
          "[:if, 18, 71, 6, 73, 9]": {
            "[:then, 19, 72, 8, 72, 81]": 0,
            "[:else, 20, 71, 6, 73, 9]": 0
          },
          "[:if, 21, 75, 6, 75, 40]": {
            "[:then, 22, 75, 6, 75, 11]": 0,
            "[:else, 23, 75, 6, 75, 40]": 0
          },
          "[:case, 24, 136, 6, 145, 9]": {
            "[:when, 25, 138, 8, 138, 39]": 0,
            "[:when, 26, 140, 8, 140, 40]": 0,
            "[:when, 27, 142, 8, 142, 43]": 0,
            "[:else, 28, 144, 8, 144, 36]": 0
          },
          "[:unless, 29, 157, 6, 157, 35]": {
            "[:else, 30, 157, 6, 157, 35]": 0,
            "[:then, 31, 157, 6, 157, 20]": 0
          },
          "[:if, 32, 159, 6, 164, 9]": {
            "[:then, 33, 160, 8, 160, 59]": 0,
            "[:else, 34, 163, 8, 163, 76]": 0
          },
          "[:unless, 35, 170, 6, 170, 30]": {
            "[:else, 36, 170, 6, 170, 30]": 0,
            "[:then, 37, 170, 6, 170, 15]": 0
          },
          "[:unless, 38, 183, 6, 183, 33]": {
            "[:else, 39, 183, 6, 183, 33]": 0,
            "[:then, 40, 183, 6, 183, 18]": 0
          },
          "[:unless, 41, 191, 6, 191, 30]": {
            "[:else, 42, 191, 6, 191, 30]": 0,
            "[:then, 43, 191, 6, 191, 15]": 0
          },
          "[:unless, 44, 199, 6, 199, 30]": {
            "[:else, 45, 199, 6, 199, 30]": 0,
            "[:then, 46, 199, 6, 199, 15]": 0
          },
          "[:unless, 47, 207, 6, 207, 31]": {
            "[:else, 48, 207, 6, 207, 31]": 0,
            "[:then, 49, 207, 6, 207, 16]": 0
          },
          "[:unless, 50, 222, 6, 222, 33]": {
            "[:else, 51, 222, 6, 222, 33]": 0,
            "[:then, 52, 222, 6, 222, 18]": 0
          },
          "[:case, 53, 233, 6, 242, 9]": {
            "[:when, 54, 235, 8, 235, 76]": 0,
            "[:when, 55, 237, 8, 237, 72]": 0,
            "[:when, 56, 239, 8, 239, 75]": 0,
            "[:else, 57, 241, 8, 241, 77]": 0
          },
          "[:if, 58, 245, 6, 247, 9]": {
            "[:then, 59, 246, 8, 246, 131]": 0,
            "[:else, 60, 245, 6, 247, 9]": 0
          },
          "[:if, 61, 288, 6, 288, 80]": {
            "[:then, 62, 288, 6, 288, 69]": 0,
            "[:else, 63, 288, 6, 288, 80]": 0
          },
          "[:\"&.\", 64, 292, 6, 292, 35]": {
            "[:then, 65, 292, 6, 292, 35]": 0,
            "[:else, 66, 292, 6, 292, 35]": 0
          },
          "[:if, 67, 299, 21, 299, 82]": {
            "[:then, 68, 299, 30, 299, 71]": 0,
            "[:else, 69, 299, 74, 299, 82]": 0
          },
          "[:if, 70, 331, 6, 331, 116]": {
            "[:then, 71, 331, 6, 331, 19]": 0,
            "[:else, 72, 331, 6, 331, 116]": 0
          },
          "[:if, 73, 332, 6, 332, 129]": {
            "[:then, 74, 332, 6, 332, 20]": 0,
            "[:else, 75, 332, 6, 332, 129]": 0
          },
          "[:if, 76, 333, 6, 333, 116]": {
            "[:then, 77, 333, 6, 333, 20]": 0,
            "[:else, 78, 333, 6, 333, 116]": 0
          },
          "[:if, 79, 334, 6, 334, 119]": {
            "[:then, 80, 334, 6, 334, 22]": 0,
            "[:else, 81, 334, 6, 334, 119]": 0
          },
          "[:if, 82, 340, 6, 343, 80]": {
            "[:then, 83, 340, 6, 343, 54]": 0,
            "[:else, 84, 340, 6, 343, 80]": 0
          },
          "[:if, 85, 399, 6, 399, 43]": {
            "[:then, 86, 399, 6, 399, 27]": 0,
            "[:else, 87, 399, 6, 399, 43]": 0
          },
          "[:if, 88, 507, 6, 509, 9]": {
            "[:then, 89, 508, 8, 508, 24]": 0,
            "[:else, 90, 507, 6, 509, 9]": 0
          },
          "[:if, 91, 511, 6, 516, 9]": {
            "[:then, 92, 512, 8, 513, 86]": 0,
            "[:else, 93, 515, 8, 515, 71]": 0
          },
          "[:if, 94, 821, 6, 826, 9]": {
            "[:then, 95, 822, 8, 823, 12]": 0,
            "[:else, 96, 825, 8, 825, 35]": 0
          },
          "[:if, 97, 831, 6, 835, 9]": {
            "[:then, 98, 832, 8, 832, 69]": 0,
            "[:else, 99, 834, 8, 834, 60]": 0
          },
          "[:if, 100, 937, 8, 937, 42]": {
            "[:then, 101, 937, 8, 937, 26]": 0,
            "[:else, 102, 937, 8, 937, 42]": 0
          },
          "[:unless, 103, 942, 6, 944, 9]": {
            "[:else, 104, 942, 6, 944, 9]": 0,
            "[:then, 105, 943, 8, 943, 56]": 0
          },
          "[:unless, 106, 972, 6, 972, 43]": {
            "[:else, 107, 972, 6, 972, 43]": 0,
            "[:then, 108, 972, 6, 972, 12]": 0
          },
          "[:unless, 109, 986, 6, 986, 43]": {
            "[:else, 110, 986, 6, 986, 43]": 0,
            "[:then, 111, 986, 6, 986, 12]": 0
          },
          "[:unless, 112, 994, 6, 994, 46]": {
            "[:else, 113, 994, 6, 994, 46]": 0,
            "[:then, 114, 994, 6, 994, 15]": 0
          },
          "[:if, 115, 1096, 6, 1099, 9]": {
            "[:then, 116, 1097, 8, 1098, 58]": 0,
            "[:else, 117, 1096, 6, 1099, 9]": 0
          },
          "[:unless, 118, 1105, 6, 1105, 32]": {
            "[:else, 119, 1105, 6, 1105, 32]": 0,
            "[:then, 120, 1105, 6, 1105, 22]": 0
          },
          "[:if, 121, 1108, 6, 1108, 41]": {
            "[:then, 122, 1108, 6, 1108, 32]": 0,
            "[:else, 123, 1108, 6, 1108, 41]": 0
          },
          "[:if, 124, 1124, 6, 1124, 62]": {
            "[:then, 125, 1124, 6, 1124, 32]": 0,
            "[:else, 126, 1124, 6, 1124, 62]": 0
          },
          "[:unless, 127, 1129, 6, 1131, 9]": {
            "[:else, 128, 1129, 6, 1131, 9]": 0,
            "[:then, 129, 1130, 8, 1130, 59]": 0
          },
          "[:if, 130, 1134, 6, 1141, 9]": {
            "[:then, 131, 1135, 8, 1140, 11]": 0,
            "[:else, 132, 1134, 6, 1141, 9]": 0
          },
          "[:if, 133, 1135, 8, 1140, 11]": {
            "[:then, 134, 1136, 10, 1137, 71]": 0,
            "[:else, 135, 1139, 10, 1139, 77]": 0
          },
          "[:if, 136, 1150, 6, 1150, 69]": {
            "[:then, 137, 1150, 6, 1150, 51]": 0,
            "[:else, 138, 1150, 6, 1150, 69]": 0
          },
          "[:if, 139, 1151, 6, 1151, 90]": {
            "[:then, 140, 1151, 6, 1151, 70]": 0,
            "[:else, 141, 1151, 6, 1151, 90]": 0
          },
          "[:if, 142, 1152, 6, 1152, 65]": {
            "[:then, 143, 1152, 6, 1152, 46]": 0,
            "[:else, 144, 1152, 6, 1152, 65]": 0
          },
          "[:if, 145, 1153, 6, 1153, 68]": {
            "[:then, 146, 1153, 6, 1153, 48]": 0,
            "[:else, 147, 1153, 6, 1153, 68]": 0
          },
          "[:case, 148, 1174, 6, 1185, 9]": {
            "[:when, 149, 1176, 8, 1176, 56]": 0,
            "[:when, 150, 1178, 8, 1178, 18]": 0,
            "[:when, 151, 1180, 8, 1180, 18]": 0,
            "[:when, 152, 1182, 8, 1182, 35]": 0,
            "[:else, 153, 1184, 8, 1184, 13]": 0
          }
        }
      },
      "/Users/carlosbarbosa/Documents/shopstars dev/railspress/lib/railspress/shortcode_processor.rb": {
        "lines": [
          1,
          1,
          1,
          1,
          null,
          1,
          1,
          1,
          null,
          null,
          null,
          1,
          8,
          8,
          8,
          null,
          null,
          null,
          1,
          0,
          null,
          null,
          0,
          0,
          0,
          0,
          null,
          0,
          0,
          0,
          null,
          null,
          0,
          null,
          null,
          null,
          null,
          null,
          1,
          0,
          0,
          null,
          null,
          0,
          0,
          0,
          0,
          null,
          0,
          null,
          null,
          0,
          0,
          null,
          null,
          null,
          null,
          1,
          0,
          null,
          0,
          0,
          0,
          0,
          0,
          null,
          0,
          null,
          null,
          null,
          1,
          0,
          null,
          null,
          null,
          1,
          1,
          null,
          null,
          null,
          1,
          0,
          null,
          null,
          1,
          null,
          null,
          1,
          null,
          1,
          0,
          0,
          0,
          null,
          0,
          0,
          0,
          null,
          0,
          null,
          null,
          null,
          null,
          1,
          0,
          0,
          0,
          0,
          null,
          0,
          null,
          null,
          null,
          1,
          0,
          0,
          0,
          null,
          0,
          null,
          null,
          null,
          1,
          0,
          0,
          null,
          0,
          0,
          0,
          null,
          0,
          null,
          null,
          null,
          1,
          0,
          0,
          null,
          0,
          null,
          null,
          null,
          1,
          0,
          0,
          null,
          null,
          null,
          1,
          0,
          0,
          null,
          null,
          null,
          1,
          0,
          0,
          null,
          null,
          null,
          null,
          1,
          0,
          null,
          0,
          0,
          0,
          0,
          0,
          0,
          null,
          null,
          0,
          0,
          null,
          null,
          1,
          null,
          0,
          null,
          null,
          null,
          null,
          null,
          null,
          0,
          null,
          null,
          null,
          null,
          0,
          null,
          0,
          null,
          null,
          1,
          0,
          null,
          0,
          null,
          null,
          null,
          null,
          null,
          null,
          null,
          null,
          null,
          null,
          null,
          1,
          0,
          null,
          0,
          0,
          0,
          0,
          0,
          0,
          null,
          0,
          0,
          null,
          null,
          1,
          0,
          null,
          null,
          null,
          null,
          null,
          null,
          null,
          null,
          null,
          null,
          null,
          null,
          null,
          null,
          null,
          null,
          null,
          null,
          1,
          0,
          null,
          null,
          null,
          null,
          1,
          null,
          0,
          null,
          null,
          null,
          null,
          null,
          0,
          null,
          null,
          null,
          null,
          1,
          0,
          null,
          null,
          null,
          null,
          null,
          null,
          null,
          null,
          null,
          null,
          null,
          null
        ],
        "branches": {
          "[:if, 0, 20, 8, 20, 40]": {
            "[:then, 1, 20, 8, 20, 22]": 0,
            "[:else, 2, 20, 8, 20, 40]": 0
          },
          "[:if, 3, 28, 10, 34, 13]": {
            "[:then, 4, 29, 12, 30, 76]": 0,
            "[:else, 5, 33, 12, 33, 14]": 0
          },
          "[:unless, 6, 41, 8, 41, 34]": {
            "[:else, 7, 41, 8, 41, 34]": 0,
            "[:then, 8, 41, 8, 41, 17]": 0
          },
          "[:if, 9, 44, 10, 50, 13]": {
            "[:then, 10, 45, 12, 45, 56]": 0,
            "[:else, 11, 46, 10, 49, 38]": 0
          },
          "[:if, 12, 46, 10, 49, 38]": {
            "[:then, 13, 47, 12, 47, 47]": 0,
            "[:else, 14, 49, 12, 49, 38]": 0
          },
          "[:if, 15, 59, 8, 59, 39]": {
            "[:then, 16, 59, 8, 59, 17]": 0,
            "[:else, 17, 59, 8, 59, 39]": 0
          },
          "[:\"&.\", 18, 91, 16, 91, 39]": {
            "[:then, 19, 91, 16, 91, 39]": 0,
            "[:else, 20, 91, 16, 91, 39]": 0
          },
          "[:\"&.\", 21, 91, 16, 91, 52]": {
            "[:then, 22, 91, 16, 91, 52]": 0,
            "[:else, 23, 91, 16, 91, 52]": 0
          },
          "[:\"&.\", 24, 92, 20, 92, 41]": {
            "[:then, 25, 92, 20, 92, 41]": 0,
            "[:else, 26, 92, 20, 92, 41]": 0
          },
          "[:if, 27, 95, 10, 100, 13]": {
            "[:then, 28, 96, 12, 97, 48]": 0,
            "[:else, 29, 99, 12, 99, 14]": 0
          },
          "[:\"&.\", 30, 124, 18, 124, 37]": {
            "[:then, 31, 124, 18, 124, 37]": 0,
            "[:else, 32, 124, 18, 124, 37]": 0
          },
          "[:if, 33, 128, 10, 128, 57]": {
            "[:then, 34, 128, 10, 128, 45]": 0,
            "[:else, 35, 128, 10, 128, 57]": 0
          },
          "[:\"&.\", 36, 144, 18, 144, 37]": {
            "[:then, 37, 144, 18, 144, 37]": 0,
            "[:else, 38, 144, 18, 144, 37]": 0
          },
          "[:if, 39, 163, 8, 163, 33]": {
            "[:then, 40, 163, 8, 163, 17]": 0,
            "[:else, 41, 163, 8, 163, 33]": 0
          },
          "[:if, 42, 167, 10, 171, 13]": {
            "[:then, 43, 168, 12, 170, 28]": 0,
            "[:else, 44, 167, 10, 171, 13]": 0
          },
          "[:unless, 45, 197, 8, 197, 33]": {
            "[:else, 46, 197, 8, 197, 33]": 0,
            "[:then, 47, 197, 8, 197, 17]": 0
          },
          "[:if, 48, 212, 8, 212, 33]": {
            "[:then, 49, 212, 8, 212, 17]": 0,
            "[:else, 50, 212, 8, 212, 33]": 0
          }
        }
      },
      "/Users/carlosbarbosa/Documents/shopstars dev/railspress/lib/railspress/theme_loader.rb": {
        "lines": [
          1,
          1,
          1,
          1,
          null,
          1,
          1,
          1,
          1,
          null,
          null,
          null,
          1,
          null,
          1,
          null,
          1,
          1,
          0,
          0,
          0,
          null,
          null,
          null,
          null,
          1,
          0,
          null,
          0,
          null,
          0,
          null,
          0,
          0,
          null,
          null,
          0,
          0,
          null,
          null,
          0,
          0,
          0,
          null,
          null,
          0,
          0,
          null,
          null,
          null,
          null,
          1,
          0,
          null,
          0,
          null,
          0,
          0,
          0,
          null,
          null,
          null,
          null,
          1,
          0,
          null,
          null,
          0,
          0,
          0,
          0,
          0,
          0,
          0,
          null,
          null,
          null,
          null,
          null,
          0,
          null,
          0,
          0,
          null,
          0,
          null,
          null,
          null,
          null,
          1,
          0,
          null,
          0,
          0,
          0,
          null,
          0,
          0,
          null,
          0,
          null,
          null,
          null,
          null,
          null,
          null,
          null,
          null,
          null,
          0,
          null,
          null,
          null,
          null,
          null,
          null,
          null,
          null,
          null,
          null,
          null,
          null,
          1,
          0,
          null,
          0,
          0,
          0,
          null,
          null,
          null,
          0,
          0,
          0,
          0,
          0,
          0,
          0,
          null,
          0,
          null,
          null,
          0,
          null,
          null,
          0,
          0,
          0,
          null,
          null,
          0,
          null,
          null,
          0,
          null,
          0,
          0,
          null,
          null,
          null,
          1,
          null,
          0,
          0,
          null,
          null,
          0,
          0,
          null,
          null,
          0,
          0,
          null,
          null,
          null,
          null,
          1,
          0,
          null,
          0,
          null,
          null,
          null,
          1,
          0,
          null,
          0,
          0,
          null,
          null,
          0,
          0,
          null,
          null,
          null,
          1,
          0,
          null,
          0,
          0,
          null,
          null,
          0,
          0,
          null,
          null,
          null,
          1,
          0,
          null,
          0,
          0,
          null,
          null,
          null,
          1,
          1,
          null,
          0,
          0,
          null,
          0,
          0,
          0,
          null,
          null,
          null,
          1,
          null,
          1,
          0,
          0,
          null,
          null,
          null,
          null,
          null
        ],
        "branches": {
          "[:unless, 0, 15, 8, 15, 75]": {
            "[:else, 1, 15, 8, 15, 75]": 1,
            "[:then, 2, 15, 8, 15, 14]": 0
          },
          "[:if, 3, 18, 8, 22, 11]": {
            "[:then, 4, 19, 10, 21, 32]": 0,
            "[:else, 5, 18, 8, 22, 11]": 1
          },
          "[:unless, 6, 27, 8, 27, 36]": {
            "[:else, 7, 27, 8, 27, 36]": 0,
            "[:then, 8, 27, 8, 27, 14]": 0
          },
          "[:if, 9, 31, 8, 48, 11]": {
            "[:then, 10, 33, 10, 47, 79]": 0,
            "[:else, 11, 31, 8, 48, 11]": 0
          },
          "[:unless, 12, 53, 8, 53, 36]": {
            "[:else, 13, 53, 8, 53, 36]": 0,
            "[:then, 14, 53, 8, 53, 14]": 0
          },
          "[:if, 15, 57, 8, 60, 11]": {
            "[:then, 16, 58, 10, 59, 73]": 0,
            "[:else, 17, 57, 8, 60, 11]": 0
          },
          "[:unless, 18, 65, 8, 65, 39]": {
            "[:else, 19, 65, 8, 65, 39]": 0,
            "[:then, 20, 65, 8, 65, 17]": 0
          },
          "[:if, 21, 69, 8, 77, 11]": {
            "[:then, 22, 70, 10, 76, 13]": 0,
            "[:else, 23, 69, 8, 77, 11]": 0
          },
          "[:if, 24, 71, 10, 76, 13]": {
            "[:then, 25, 72, 12, 75, 15]": 0,
            "[:else, 26, 71, 10, 76, 13]": 0
          },
          "[:if, 27, 73, 12, 75, 15]": {
            "[:then, 28, 74, 14, 74, 52]": 0,
            "[:else, 29, 73, 12, 75, 15]": 0
          },
          "[:if, 30, 82, 8, 86, 11]": {
            "[:then, 31, 83, 10, 83, 44]": 0,
            "[:else, 32, 85, 10, 85, 12]": 0
          },
          "[:unless, 33, 91, 8, 91, 49]": {
            "[:else, 34, 91, 8, 91, 49]": 0,
            "[:then, 35, 91, 8, 91, 17]": 0
          },
          "[:if, 36, 97, 10, 118, 13]": {
            "[:then, 37, 98, 12, 107, 13]": 0,
            "[:else, 38, 109, 12, 117, 13]": 0
          },
          "[:unless, 39, 126, 8, 129, 11]": {
            "[:else, 40, 126, 8, 129, 11]": 0,
            "[:then, 41, 127, 10, 128, 22]": 0
          },
          "[:if, 42, 135, 19, 135, 85]": {
            "[:then, 43, 135, 46, 135, 80]": 0,
            "[:else, 44, 135, 83, 135, 85]": 0
          },
          "[:if, 45, 154, 8, 154, 60]": {
            "[:then, 46, 154, 8, 154, 25]": 0,
            "[:else, 47, 154, 8, 154, 60]": 0
          },
          "[:if, 48, 163, 8, 173, 11]": {
            "[:then, 49, 164, 10, 172, 79]": 0,
            "[:else, 50, 163, 8, 173, 11]": 0
          },
          "[:unless, 51, 178, 8, 178, 40]": {
            "[:else, 52, 178, 8, 178, 40]": 0,
            "[:then, 53, 178, 8, 178, 18]": 0
          },
          "[:unless, 54, 185, 8, 185, 40]": {
            "[:else, 55, 185, 8, 185, 40]": 0,
            "[:then, 56, 185, 8, 185, 18]": 0
          },
          "[:unless, 57, 188, 8, 188, 72]": {
            "[:else, 58, 188, 8, 188, 72]": 0,
            "[:then, 59, 188, 8, 188, 18]": 0
          },
          "[:if, 60, 192, 8, 192, 56]": {
            "[:then, 61, 192, 19, 192, 50]": 0,
            "[:else, 62, 192, 8, 192, 56]": 0
          },
          "[:unless, 63, 197, 8, 197, 40]": {
            "[:else, 64, 197, 8, 197, 40]": 0,
            "[:then, 65, 197, 8, 197, 18]": 0
          },
          "[:unless, 66, 200, 8, 200, 56]": {
            "[:else, 67, 200, 8, 200, 56]": 0,
            "[:then, 68, 200, 8, 200, 18]": 0
          },
          "[:if, 69, 204, 8, 204, 53]": {
            "[:then, 70, 204, 18, 204, 47]": 0,
            "[:else, 71, 204, 8, 204, 53]": 0
          },
          "[:unless, 72, 209, 8, 209, 42]": {
            "[:else, 73, 209, 8, 209, 42]": 0,
            "[:then, 74, 209, 8, 209, 20]": 0
          },
          "[:unless, 75, 217, 8, 217, 39]": {
            "[:else, 76, 217, 8, 217, 39]": 0,
            "[:then, 77, 217, 8, 217, 17]": 1
          },
          "[:unless, 78, 220, 8, 220, 49]": {
            "[:else, 79, 220, 8, 220, 49]": 0,
            "[:then, 80, 220, 8, 220, 17]": 0
          },
          "[:if, 81, 232, 8, 232, 67]": {
            "[:then, 82, 232, 35, 232, 62]": 0,
            "[:else, 83, 232, 65, 232, 67]": 0
          }
        }
      },
      "/Users/carlosbarbosa/Documents/shopstars dev/railspress/app/mailers/email_logging_interceptor.rb": {
        "lines": [
          1,
          1,
          0,
          0,
          null,
          null,
          0,
          null,
          0,
          null,
          null,
          0,
          null,
          null,
          null,
          null,
          null,
          null,
          null,
          null,
          null,
          null,
          null,
          null,
          null,
          null,
          null,
          0,
          null,
          null,
          1,
          0,
          null,
          0,
          0,
          null,
          0,
[...]
          0,
          0,
          null,
          null,
          0,
          0,
          0,
          null,
          null,
          0,
          0,
          0,
          0,
          null,
          null,
          0,
          0,
          0,
          0,
          null,
          0,
          null,
          0,
          0,
          0,
          0,
          0,
          0,
          null,
          0,
          0,
          0,
          0,
          0,
          0,
          null,
          0,
          0,
          0,
          null,
          0,
          0,
          0,
          0,
          0,
          0,
          0,
          null,
          0,
          0,
          0,
          0,
          0,
          0,
          null,
          0,
          null,
          0,
          null,
          0,
          0,
          0,
          0,
          0,
          null,
          0,
          0,
          0,
          0,
          0,
          0,
          0,
          0,
          0,
          0,
          0,
          0,
          0,
          0,
          0,
          0,
          0,
          0,
          0,
          0,
          0,
          0,
          0,
          0,
          0,
          0,
          0,
          0,
          0,
          0,
          0,
          0,
          0,
          0,
          0,
          0,
          0,
          0,
          0,
          0,
          0,
          0,
          0,
          0,
          0,
          0,
          0,
          0,
          0,
          0,
          0,
          0,
          0,
          0,
          0,
          0,
          0,
          0,
          0,
          0,
          0,
          0,
          0,
          0,
          null,
          0,
          0,
          0,
          0,
          null,
          0,
          0,
          0,
          0,
          0,
          null,
          0,
          0,
          0,
          0,
          0,
          0,
          0,
          null,
          0,
          0,
          0,
          0,
          null,
          0,
          0,
          0,
          0,
          0,
          0,
          0,
          0,
          0,
          0,
          0,
          0,
          0,
          0,
          0,
          0,
          0,
          0,
          0,
          0,
          0,
          0,
          0,
          0,
          0,
          0,
          0,
          0,
          0,
          0,
          0,
          0,
          0,
          null,
          0,
          null,
          0,
          0,
          null,
          0,
          0,
          null,
          0,
          null,
          0,
          0,
          0,
          null,
          0,
          0,
          null,
          0,
          0,
          0,
          null,
          0,
          0,
          null,
          0,
          0,
          0,
          0,
          null,
          0,
          0,
          0,
          0,
          0,
          0,
          0,
          0,
          0,
          0,
          0,
          0,
          0,
          0,
          0,
          0,
          0,
          0,
          0,
          0,
          0,
          0,
          0,
          0,
          0,
          0,
          0,
          0,
          0,
          0,
          0,
          0,
          0,
          0,
          0,
          0,
          0,
          0,
          0,
          0,
          0,
          0,
          0,
          0,
          0,
          0,
          0,
          0,
          0,
          0,
          0,
          0,
          0,
          0,
          0,
          0,
          0,
          0,
          0,
          0,
          0,
          0,
          0,
          0,
          0,
          0,
          0,
          0,
          0,
          0,
          null,
          0,
          0,
          null,
          0,
          0,
          0,
          0,
          0,
          0,
          0,
          0,
          0,
          0,
          0,
          0,
          0,
          0,
          0,
          0,
          0,
          null,
          0,
          0,
          0,
          0,
          0,
          0,
          0,
          0,
          0,
          0,
          0,
          0,
          0,
          0,
          0,
          0,
          0,
          0,
          0,
          0,
          0,
          0,
          0,
          0,
          0,
          0,
          0,
          0,
          null,
          0,
          null,
          0,
          0,
          null,
          0,
          0,
          0,
          0,
          0,
          null,
          null,
          0,
          null,
          null,
          null,
          null,
          null,
          null,
          null,
          null
        ],
        "branches": {}
      },
      "/Users/carlosbarbosa/Documents/shopstars dev/railspress/lib/railspress/plugin_api/channels.rb": {
        "lines": [
          0,
          0,
          null,
          0,
          0,
          null,
          null,
          0,
          0,
          0,
          null,
          null,
          0,
          0,
          0,
          null,
          null,
          0,
          0,
          0,
          null,
          null,
          0,
          0,
          0,
          0,
          0,
          0,
          0,
          0,
          0,
          0,
          0,
          0,
          null,
          null,
          0,
          0,
          0,
          0,
          null,
          null,
          0,
          0,
          0,
          null,
          0,
          0,
          0,
          null,
          0,
          0,
          0,
          null,
          null,
          0,
          0,
          0,
          null,
          0,
          0,
          0,
          0,
          0,
          0,
          0,
          null,
          null,
          0,
          0,
          0,
          null,
          0,
          0,
          null,
          null,
          0,
          0,
          0,
          null,
          0,
          0,
          null,
          null,
          0,
          0,
          0,
          null,
          0,
          0,
          null,
          null,
          0,
          0,
          0,
          null,
          0,
          0,
          0,
          0,
          0,
          0,
          0,
          0,
          0,
          null,
          null,
          0,
          0,
          0,
          null,
          0,
          0,
          null,
          0,
          null,
          0,
          0,
          0,
          0,
          0,
          null,
          0,
          0,
          0,
          0,
          0
        ],
        "branches": {}
      },
      "/Users/carlosbarbosa/Documents/shopstars dev/railspress/lib/railspress/plugin_blocks.rb": {
        "lines": [
          null,
          null,
          0,
          null,
          null,
          0,
          0,
          null,
          0,
          null,
          null,
          null,
          null,
          null,
          null,
          null,
          null,
          null,
          null,
          null,
          null,
          null,
          null,
          null,
          null,
          null,
          null,
          null,
          null,
          null,
          null,
          null,
          null,
          null,
          null,
          0,
          0,
          0,
          0,
          0,
          0,
          0,
          0,
          0,
          0,
          0,
          0,
          0,
          0,
          0,
          0,
          0,
          null,
          null,
          0,
          0,
          0,
          null,
          null,
          0,
          0,
          0,
          null,
          null,
          null,
          null,
          null,
          null,
          null,
          0,
          0,
          0,
          0,
          0,
          0,
          0,
          null,
          0,
          0,
          null,
          null,
          0,
          0,
          0,
          null,
          null,
          0,
          0,
          0,
          null,
          null,
          0,
          0,
          0,
          null,
          null,
          null,
          null,
          null,
          null,
          null,
          0,
          0,
          0,
          null,
          null,
          0,
          0,
          0,
          0,
          null,
          0,
          null,
          0,
          0,
          0,
          null,
          0,
          0,
          null,
          0,
          0,
          0,
          0,
          0,
          0,
          0,
          0,
          0,
          0,
          0,
          0,
          null,
          0,
          0,
          0,
          0,
          0,
          0,
          0,
          0,
          null,
          null,
          null,
          null,
          null,
          null,
          null,
          null,
          0,
          0,
          0,
          0,
          null,
          0,
          null,
          0,
          0,
          0,
          null,
          0,
          0,
          0,
          null,
          0,
          0,
          0,
          0,
          0,
          0,
          0,
          null
        ],
        "branches": {}
      },
      "/Users/carlosbarbosa/Documents/shopstars dev/railspress/lib/railspress/plugin_jobs.rb": {
        "lines": [
          0,
          0,
          null,
          0,
          0,
          null,
          null,
          0,
          0,
          0,
          0,
          null,
          null,
          0,
          null,
          null,
          null,
          null,
          null,
          null,
          null,
          null,
          0,
          0,
          null,
          null,
          0,
          0,
          0,
          null,
          null,
          0,
          0,
          null,
          0,
          0,
          null,
          null,
          null,
          null,
          0,
          0,
          0,
          0,
          null,
          null,
          null,
          null,
          0,
          0,
          0,
          0,
          null,
          null,
          null,
          null,
          0,
          0,
          0,
          0,
          null,
          null,
          null,
          null,
          0,
          0,
          null,
          0,
          0,
          0,
          0,
          0,
          0,
          null,
          0,
          0,
          0,
          0,
          null,
          null,
          null,
          null,
          0,
          0,
          null,
          0,
          0,
          0,
          null,
          0,
          null,
          null,
          0,
          0,
          null,
          0,
          0,
          0,
          0,
          0,
          null,
          null,
          0,
          0,
          0,
          null,
          null,
          0,
          0,
          0,
          null,
          null,
          null,
          null,
          0,
          0,
          0,
          null,
          null,
          null,
          null,
          null,
          null,
          null,
          null,
          0,
          0,
          0,
          0,
          0,
          null,
          null,
          0,
          0,
          null,
          null,
          null,
          0,
          null,
          null,
          0,
          0,
          null,
          null,
          0,
          0,
          0,
          0,
          0,
          null,
          0,
          0,
          0,
          0,
          0,
          null,
          null,
          null,
          null,
          null,
          null
        ],
        "branches": {}
      },
      "/Users/carlosbarbosa/Documents/shopstars dev/railspress/lib/railspress/settings_schema.rb": {
        "lines": [
          null,
          null,
          0,
          0,
          0,
          null,
          0,
          0,
          0,
          0,
          null,
          null,
          0,
          0,
          0,
          0,
          0,
          0,
          null,
          null,
          0,
          0,
          0,
          null,
          null,
          0,
          0,
          0,
          null,
          null,
          0,
          0,
          null,
          0,
          0,
          0,
          0,
          0,
          null,
          0,
          0,
          null,
          null,
          0,
          0,
          null,
          0,
          0,
          0,
          0,
          0,
          null,
          null,
          0,
          0,
          0,
          null,
          0,
          0,
          0,
          null,
          0,
          0,
          0,
          null,
          0,
          0,
          0,
          null,
          0,
          0,
          0,
          null,
          0,
          0,
          0,
          null,
          0,
          0,
          0,
          null,
          0,
          0,
          0,
          null,
          0,
          0,
          0,
          null,
          0,
          0,
          0,
          null,
          0,
          0,
          0,
          null,
          0,
          0,
          0,
          null,
          0,
          0,
          0,
          null,
          0,
          null,
          0,
          0,
          0,
          0,
          0,
          null,
          null,
          0,
          0,
          null,
          0,
          0,
          0,
          0,
          0,
          null,
          0,
          0,
          0,
          null,
          0,
          0,
          0,
          null,
          0,
          0,
          0,
          null,
          0,
          0,
          0,
          null,
          0,
          0,
          null,
          0,
          0,
          0,
          null,
          0,
          0,
          0,
          null,
          0,
          0,
          0,
          null,
          0,
          0,
          0,
          null,
          0,
          0,
          null,
          0,
          0,
          0,
          null,
          0,
          0,
          0,
          0,
          0,
          0,
          0,
          0,
          0,
          null,
          null,
          0,
          0,
          0,
          null,
          0,
          0,
          0,
          0,
          null,
          0,
          0,
          0,
          0,
          0,
          0,
          null,
          0,
          0,
          0,
          null,
          0,
          0,
          null,
          0,
          0,
          0,
          0,
          null,
          0,
          0,
          null,
          0,
          0,
          null,
          0,
          0,
          0,
          0,
          null,
          0,
          0,
          null,
          0,
          0,
          0,
          null,
          0,
          0,
          0,
          null,
          0,
          0,
          0,
          null,
          0,
          0,
          0,
          0,
          null,
          0,
          0,
          0,
          0,
          null,
          0,
          0,
          0,
          0,
          null,
          0,
          0,
          0,
          0,
          0,
          null,
          0,
          null,
          0,
          0,
          0,
          0,
          0,
          0,
          null,
          null,
          null,
          null,
          null,
          null,
          null,
          null
        ],
        "branches": {}
      },
      "/Users/carlosbarbosa/Documents/shopstars dev/railspress/lib/railspress/update_checker.rb": {
        "lines": [
          null,
          null,
          0,
          0,
          null,
          0,
          0,
          0,
          0,
          0,
          null,
          0,
          0,
          0,
          null,
          0,
          0,
          0,
          null,
          0,
          0,
          0,
          0,
          0,
          0,
          0,
          null,
          0,
          0,
          0,
          0,
          0,
          0,
          0,
          0,
          0,
          0,
          0,
          0,
          0,
          null,
          0,
          0,
          null,
          0,
          0,
          0,
          null,
          null,
          0,
          0,
          0,
          null,
          0,
          0,
          0,
          null,
          0,
          0,
          0,
          0,
          0,
          0,
          0,
          null,
          0,
          0,
          0,
          null,
          0,
          0,
          0,
          null,
          0,
          0,
          0,
          null,
          0,
          0,
          null,
          0,
          0,
          null,
          0,
          0,
          0,
          null,
          0,
          0,
          0,
          null,
          0,
          0,
          0,
          null,
          0,
          0,
          0,
          0,
          0,
          0,
          0,
          0,
          0,
          0,
          0,
          0,
          0,
          null,
          0,
          null,
          0,
          0,
          0,
          null,
          0,
          0,
          0,
          null,
          0,
          null,
          0,
          0,
          null,
          0,
          0,
          0,
          null,
          0,
          0,
          0,
          0,
          0,
          null,
          null,
          null,
          null,
          null,
          null,
          null,
          null
        ],
        "branches": {}
      },
      "/Users/carlosbarbosa/Documents/shopstars dev/railspress/lib/railspress/webhook_dispatcher.rb": {
        "lines": [
          null,
          null,
          0,
          0,
          0,
          null,
          0,
          null,
          0,
          null,
          0,
          null,
          null,
          0,
          null,
          null,
          0,
          0,
          0,
          null,
          0,
          0,
          null,
          0,
          null,
          0,
          0,
          0,
          0,
          0,
          0,
          null,
          null,
          0,
          0,
          0,
          0,
          null,
          0,
          0,
          null,
          0,
          0,
          0,
          0,
          0,
          0,
          0,
          0,
          0,
          0,
          0,
          0,
          0,
          0,
          0,
          0,
          0,
          0,
          0,
          0,
          0,
          0,
          0,
          0,
          0,
          0,
          0,
          0,
          0,
          0,
          0,
          0,
          0,
          0,
          0,
          0,
          0,
          0,
          0,
          0,
          0,
          0,
          0,
          0,
          0,
          0,
          0,
          0,
          0,
          0,
          0,
          0,
          0,
          0,
          0,
          0,
          0,
          0,
          0,
          0,
          0,
          0,
          0,
          0,
          0,
          0,
          0,
          0,
          0,
          0,
          0,
          0,
          0,
          null,
          0,
          0,
          0,
          0,
          0,
          null,
          0,
          0,
          0,
          0,
          0,
          null,
          0,
          0,
          0,
          0,
          0,
          0,
          0,
          0,
          null,
          null,
          null,
          null,
          null,
          null,
          null,
          null
        ],
        "branches": {}
      }
    },
    "timestamp": 1760840392
  }
}
